\BOOKMARK [1][-]{section.1}{Part A: Vehicle Detection}{}% 1
\BOOKMARK [2][-]{subsection.1.1}{Derivation}{section.1}% 2
\BOOKMARK [3][-]{subsubsection.1.1.1}{Detector at the entry for a given Bt}{subsection.1.1}% 3
\BOOKMARK [3][-]{subsubsection.1.1.2}{Detector at the entry with unknown Bt}{subsection.1.1}% 4
\BOOKMARK [3][-]{subsubsection.1.1.3}{Detector at the exit for a given Bt}{subsection.1.1}% 5
\BOOKMARK [3][-]{subsubsection.1.1.4}{Detector at the exit with unknown Bt}{subsection.1.1}% 6
\BOOKMARK [3][-]{subsubsection.1.1.5}{Locally Most Powerful detector at the exit}{subsection.1.1}% 7
\BOOKMARK [2][-]{subsection.1.2}{Implementation}{section.1}% 8
\BOOKMARK [3][-]{subsubsection.1.2.1}{Monte-Carlo simulations for Dentry}{subsection.1.2}% 9
\BOOKMARK [3][-]{subsubsection.1.2.2}{ROC of Dentry}{subsection.1.2}% 10
\BOOKMARK [3][-]{subsubsection.1.2.3}{Monte-Carlo simulations for Dexit}{subsection.1.2}% 11
\BOOKMARK [3][-]{subsubsection.1.2.4}{ROC of Dexit}{subsection.1.2}% 12
\BOOKMARK [1][-]{section.2}{Part B: Vehicle Tracking}{}% 13
\BOOKMARK [2][-]{subsection.2.1}{Derivation}{section.2}% 14
\BOOKMARK [3][-]{subsubsection.2.1.1}{State model for Kalman filter}{subsection.2.1}% 15
\BOOKMARK [3][-]{subsubsection.2.1.2}{Kalman filter using velocity measurements}{subsection.2.1}% 16
\BOOKMARK [3][-]{subsubsection.2.1.3}{Kalman filter using position and velocity measurements}{subsection.2.1}% 17
\BOOKMARK [2][-]{subsection.2.2}{Implementation}{section.2}% 18
\BOOKMARK [3][-]{subsubsection.2.2.1}{Kalman filter with velocity only measurements}{subsection.2.2}% 19
\BOOKMARK [3][-]{subsubsection.2.2.2}{Kalman filter with position and velocity measurements}{subsection.2.2}% 20
\BOOKMARK [3][-]{subsubsection.2.2.3}{Kalman filter with noisy measurements}{subsection.2.2}% 21
\BOOKMARK [3][-]{subsubsection.2.2.4}{Kalman filter with parameter mismatch}{subsection.2.2}% 22
\BOOKMARK [3][-]{subsubsection.2.2.5}{Kalman filter for automated driving test}{subsection.2.2}% 23
