This is pdfTeX, Version 3.14159265-2.6-1.40.21 (TeX Live 2020) (preloaded format=pdflatex 2020.11.20)  17 JUN 2021 12:24
entering extended mode
 restricted \write18 enabled.
 file:line:error style messages enabled.
 %&-line parsing enabled.
**main.tex
(./main.tex
LaTeX2e <2020-02-02> patch level 5
L3 programming layer <2020-03-06>
(/usr/local/texlive/2020/texmf-dist/tex/latex/base/article.cls
Document Class: article 2019/12/20 v1.4l Standard LaTeX document class
(/usr/local/texlive/2020/texmf-dist/tex/latex/base/size11.clo
File: size11.clo 2019/12/20 v1.4l Standard LaTeX file (size option)
)
\c@part=\count167
\c@section=\count168
\c@subsection=\count169
\c@subsubsection=\count170
\c@paragraph=\count171
\c@subparagraph=\count172
\c@figure=\count173
\c@table=\count174
\abovecaptionskip=\skip47
\belowcaptionskip=\skip48
\bibindent=\dimen134
)
(/usr/local/texlive/2020/texmf-dist/tex/latex/a4wide/a4wide.sty
Package: a4wide 1994/08/30

(/usr/local/texlive/2020/texmf-dist/tex/latex/ntgclass/a4.sty
Package: a4 2020/02/18 v1.2g A4 based page layout
))
(/usr/local/texlive/2020/texmf-dist/tex/latex/base/latexsym.sty
Package: latexsym 1998/08/17 v2.2e Standard LaTeX package (lasy symbols)
\symlasy=\mathgroup4
LaTeX Font Info:    Overwriting symbol font `lasy' in version `bold'
(Font)                  U/lasy/m/n --> U/lasy/b/n on input line 52.
)
(/usr/local/texlive/2020/texmf-dist/tex/latex/amsmath/amsbsy.sty
Package: amsbsy 1999/11/29 v1.2d Bold Symbols

(/usr/local/texlive/2020/texmf-dist/tex/latex/amsmath/amsgen.sty
File: amsgen.sty 1999/11/30 v2.0 generic functions
\@emptytoks=\toks15
\ex@=\dimen135
)
\pmbraise@=\dimen136
)
(/usr/local/texlive/2020/texmf-dist/tex/latex/amsmath/amsmath.sty
Package: amsmath 2020/01/20 v2.17e AMS math features
\@mathmargin=\skip49

For additional information on amsmath, use the `?' option.
(/usr/local/texlive/2020/texmf-dist/tex/latex/amsmath/amstext.sty
Package: amstext 2000/06/29 v2.01 AMS text
)
(/usr/local/texlive/2020/texmf-dist/tex/latex/amsmath/amsopn.sty
Package: amsopn 2016/03/08 v2.02 operator names
)
\inf@bad=\count175
LaTeX Info: Redefining \frac on input line 227.
\uproot@=\count176
\leftroot@=\count177
LaTeX Info: Redefining \overline on input line 389.
\classnum@=\count178
\DOTSCASE@=\count179
LaTeX Info: Redefining \ldots on input line 486.
LaTeX Info: Redefining \dots on input line 489.
LaTeX Info: Redefining \cdots on input line 610.
\Mathstrutbox@=\box45
\strutbox@=\box46
\big@size=\dimen137
LaTeX Font Info:    Redeclaring font encoding OML on input line 733.
LaTeX Font Info:    Redeclaring font encoding OMS on input line 734.
\macc@depth=\count180
\c@MaxMatrixCols=\count181
\dotsspace@=\muskip16
\c@parentequation=\count182
\dspbrk@lvl=\count183
\tag@help=\toks16
\row@=\count184
\column@=\count185
\maxfields@=\count186
\andhelp@=\toks17
\eqnshift@=\dimen138
\alignsep@=\dimen139
\tagshift@=\dimen140
\tagwidth@=\dimen141
\totwidth@=\dimen142
\lineht@=\dimen143
\@envbody=\toks18
\multlinegap=\skip50
\multlinetaggap=\skip51
\mathdisplay@stack=\toks19
LaTeX Info: Redefining \[ on input line 2859.
LaTeX Info: Redefining \] on input line 2860.
)
(/usr/local/texlive/2020/texmf-dist/tex/latex/graphics/graphicx.sty
Package: graphicx 2019/11/30 v1.2a Enhanced LaTeX Graphics (DPC,SPQR)

(/usr/local/texlive/2020/texmf-dist/tex/latex/graphics/keyval.sty
Package: keyval 2014/10/28 v1.15 key=value parser (DPC)
\KV@toks@=\toks20
)
(/usr/local/texlive/2020/texmf-dist/tex/latex/graphics/graphics.sty
Package: graphics 2019/11/30 v1.4a Standard LaTeX Graphics (DPC,SPQR)

(/usr/local/texlive/2020/texmf-dist/tex/latex/graphics/trig.sty
Package: trig 2016/01/03 v1.10 sin cos tan (DPC)
)
(/usr/local/texlive/2020/texmf-dist/tex/latex/graphics-cfg/graphics.cfg
File: graphics.cfg 2016/06/04 v1.11 sample graphics configuration
)
Package graphics Info: Driver file: pdftex.def on input line 105.

(/usr/local/texlive/2020/texmf-dist/tex/latex/graphics-def/pdftex.def
File: pdftex.def 2018/01/08 v1.0l Graphics/color driver for pdftex
))
\Gin@req@height=\dimen144
\Gin@req@width=\dimen145
)
(/usr/local/texlive/2020/texmf-dist/tex/latex/bbm-macros/bbm.sty
Package: bbm 1999/03/15 V 1.2 provides fonts for set symbols - TH
LaTeX Font Info:    Overwriting math alphabet `\mathbbm' in version `bold'
(Font)                  U/bbm/m/n --> U/bbm/bx/n on input line 33.
LaTeX Font Info:    Overwriting math alphabet `\mathbbmss' in version `bold'
(Font)                  U/bbmss/m/n --> U/bbmss/bx/n on input line 35.
)
(/usr/local/texlive/2020/texmf-dist/tex/latex/jknapltx/mathrsfs.sty
Package: mathrsfs 1996/01/01 Math RSFS package v1.0 (jk)
\symrsfs=\mathgroup5
)
(/usr/local/texlive/2020/texmf-dist/tex/latex/stmaryrd/stmaryrd.sty
Package: stmaryrd 1994/03/03 St Mary's Road symbol package
\symstmry=\mathgroup6
LaTeX Font Info:    Overwriting symbol font `stmry' in version `bold'
(Font)                  U/stmry/m/n --> U/stmry/b/n on input line 89.
)
(/usr/local/texlive/2020/texmf-dist/tex/latex/acronym/acronym.sty
Package: acronym 2020/03/13 v1.46 Support for acronyms (Tobias Oetiker)

(/usr/local/texlive/2020/texmf-dist/tex/latex/bigfoot/suffix.sty
Package: suffix 2006/07/15 1.5a Variant command support
)
(/usr/local/texlive/2020/texmf-dist/tex/generic/xstring/xstring.sty
(/usr/local/texlive/2020/texmf-dist/tex/generic/xstring/xstring.tex
\integerpart=\count187
\decimalpart=\count188
)
Package: xstring 2019/02/06 v1.83 String manipulations (CT)
)
\AC@clearlist=\toks21
)
(/usr/local/texlive/2020/texmf-dist/tex/latex/tools/longtable.sty
Package: longtable 2020/01/07 v4.13 Multi-page Table package (DPC)
\LTleft=\skip52
\LTright=\skip53
\LTpre=\skip54
\LTpost=\skip55
\LTchunksize=\count189
\LTcapwidth=\dimen146
\LT@head=\box47
\LT@firsthead=\box48
\LT@foot=\box49
\LT@lastfoot=\box50
\LT@cols=\count190
\LT@rows=\count191
\c@LT@tables=\count192
\c@LT@chunks=\count193
\LT@p@ftn=\toks22
)
(/usr/local/texlive/2020/texmf-dist/tex/latex/mathtools/mathtools.sty
Package: mathtools 2020/03/24 v1.24 mathematical typesetting tools

(/usr/local/texlive/2020/texmf-dist/tex/latex/tools/calc.sty
Package: calc 2017/05/25 v4.3 Infix arithmetic (KKT,FJ)
\calc@Acount=\count194
\calc@Bcount=\count195
\calc@Adimen=\dimen147
\calc@Bdimen=\dimen148
\calc@Askip=\skip56
\calc@Bskip=\skip57
LaTeX Info: Redefining \setlength on input line 80.
LaTeX Info: Redefining \addtolength on input line 81.
\calc@Ccount=\count196
\calc@Cskip=\skip58
)
(/usr/local/texlive/2020/texmf-dist/tex/latex/mathtools/mhsetup.sty
Package: mhsetup 2017/03/31 v1.3 programming setup (MH)
)
LaTeX Info: Thecontrolsequence`\('isalreadyrobust on input line 130.
LaTeX Info: Thecontrolsequence`\)'isalreadyrobust on input line 130.
LaTeX Info: Thecontrolsequence`\['isalreadyrobust on input line 130.
LaTeX Info: Thecontrolsequence`\]'isalreadyrobust on input line 130.
\g_MT_multlinerow_int=\count197
\l_MT_multwidth_dim=\dimen149
\origjot=\skip59
\l_MT_shortvdotswithinadjustabove_dim=\dimen150
\l_MT_shortvdotswithinadjustbelow_dim=\dimen151
\l_MT_above_intertext_sep=\dimen152
\l_MT_below_intertext_sep=\dimen153
\l_MT_above_shortintertext_sep=\dimen154
\l_MT_below_shortintertext_sep=\dimen155
\xmathstrut@box=\box51
\xmathstrut@dim=\dimen156
)
(/usr/local/texlive/2020/texmf-dist/tex/latex/psnfss/times.sty
Package: times 2005/04/12 PSNFSS-v9.2a (SPQR) 
)
(/usr/local/texlive/2020/texmf-dist/tex/latex/setspace/setspace.sty
Package: setspace 2011/12/19 v6.7a set line spacing
)
(/usr/local/texlive/2020/texmf-dist/tex/latex/cite/cite.sty
LaTeX Info: Redefining \cite on input line 302.
LaTeX Info: Redefining \nocite on input line 332.
Package: cite 2015/02/27  v 5.5
)
(/usr/local/texlive/2020/texmf-dist/tex/latex/tools/array.sty
Package: array 2019/08/31 v2.4l Tabular extension package (FMi)
\col@sep=\dimen157
\ar@mcellbox=\box52
\extrarowheight=\dimen158
\NC@list=\toks23
\extratabsurround=\skip60
\backup@length=\skip61
\ar@cellbox=\box53
)
(/usr/local/texlive/2020/texmf-dist/tex/latex/subfigure/subfigure.sty
Package: subfigure 2002/03/15 v2.1.5 subfigure package
\subfigtopskip=\skip62
\subfigcapskip=\skip63
\subfigcaptopadj=\dimen159
\subfigbottomskip=\skip64
\subfigcapmargin=\dimen160
\subfiglabelskip=\skip65
\c@subfigure=\count198
\c@lofdepth=\count199
\c@subtable=\count266
\c@lotdepth=\count267

****************************************
* Local config file subfigure.cfg used *
****************************************
(/usr/local/texlive/2020/texmf-dist/tex/latex/subfigure/subfigure.cfg)
\subfig@top=\skip66
\subfig@bottom=\skip67
)
(/usr/local/texlive/2020/texmf-dist/tex/latex/amscls/amsthm.sty
Package: amsthm 2017/10/31 v2.20.4
\thm@style=\toks24
\thm@bodyfont=\toks25
\thm@headfont=\toks26
\thm@notefont=\toks27
\thm@headpunct=\toks28
\thm@preskip=\skip68
\thm@postskip=\skip69
\thm@headsep=\skip70
\dth@everypar=\toks29
)
(/usr/local/texlive/2020/texmf-dist/tex/latex/amsfonts/amssymb.sty
Package: amssymb 2013/01/14 v3.01 AMS font symbols

(/usr/local/texlive/2020/texmf-dist/tex/latex/amsfonts/amsfonts.sty
Package: amsfonts 2013/01/14 v3.01 Basic AMSFonts support
\symAMSa=\mathgroup7
\symAMSb=\mathgroup8
LaTeX Font Info:    Redeclaring math symbol \hbar on input line 98.
LaTeX Font Info:    Overwriting math alphabet `\mathfrak' in version `bold'
(Font)                  U/euf/m/n --> U/euf/b/n on input line 106.
)
LaTeX Font Info:    Redeclaring math symbol \boxdot on input line 44.
)
(/usr/local/texlive/2020/texmf-dist/tex/latex/wasysym/wasysym.sty
Package: wasysym 2020/01/19 v2.4 Wasy-2 symbol support package
\symwasy=\mathgroup9
LaTeX Font Info:    Overwriting symbol font `wasy' in version `bold'
(Font)                  U/wasy/m/n --> U/wasy/b/n on input line 93.
)
(/usr/local/texlive/2020/texmf-dist/tex/latex/url/url.sty
\Urlmuskip=\muskip17
Package: url 2013/09/16  ver 3.4  Verb mode for urls, etc.
)
(/usr/local/texlive/2020/texmf-dist/tex/latex/base/fixltx2e.sty
Package: fixltx2e 2016/12/29 v2.1a fixes to LaTeX (obsolete)
Applying: [2015/01/01] Old fixltx2e package on input line 46.


Package fixltx2e Warning: fixltx2e is not required with releases after 2015
(fixltx2e)                All fixes are now in the LaTeX kernel.
(fixltx2e)                See the latexrelease package for details.

Already applied: [0000/00/00] Old fixltx2e package on input line 53.
) (/usr/local/texlive/2020/texmf-dist/tex/latex/float/float.sty
Package: float 2001/11/08 v1.3d Float enhancements (AL)
\c@float@type=\count268
\float@exts=\toks30
\float@box=\box54
\@float@everytoks=\toks31
\@floatcapt=\box55
)
(/usr/local/texlive/2020/texmf-dist/tex/latex/graphics/color.sty
Package: color 2019/11/23 v1.2a Standard LaTeX Color (DPC)

(/usr/local/texlive/2020/texmf-dist/tex/latex/graphics-cfg/color.cfg
File: color.cfg 2016/01/02 v1.6 sample color configuration
)
Package color Info: Driver file: pdftex.def on input line 147.
)
(/usr/local/texlive/2020/texmf-dist/tex/latex/cases/cases.sty
Package: cases 2020/03/10 ver 3.1
\numc@numwid=\dimen161
)
(/usr/local/texlive/2020/texmf-dist/tex/latex/tools/bm.sty
Package: bm 2019/07/24 v1.2d Bold Symbol Support (DPC/FMi)
\symboldoperators=\mathgroup10
\symboldletters=\mathgroup11
\symboldsymbols=\mathgroup12
\symboldlasy=\mathgroup13
LaTeX Font Info:    Redeclaring math alphabet \mathbf on input line 141.
LaTeX Info: Redefining \bm on input line 209.
)
(/usr/local/texlive/2020/texmf-dist/tex/latex/enumitem/enumitem.sty
Package: enumitem 2019/06/20 v3.9 Customized lists
\labelindent=\skip71
\enit@outerparindent=\dimen162
\enit@toks=\toks32
\enit@inbox=\box56
\enit@count@id=\count269
\enitdp@description=\count270
)
(/usr/local/texlive/2020/texmf-dist/tex/latex/hyperref/hyperref.sty
Package: hyperref 2020/01/14 v7.00d Hypertext links for LaTeX

(/usr/local/texlive/2020/texmf-dist/tex/generic/ltxcmds/ltxcmds.sty
Package: ltxcmds 2019/12/15 v1.24 LaTeX kernel commands for general use (HO)
)
(/usr/local/texlive/2020/texmf-dist/tex/generic/iftex/iftex.sty
Package: iftex 2020/03/06 v1.0d TeX engine tests
)
(/usr/local/texlive/2020/texmf-dist/tex/latex/pdftexcmds/pdftexcmds.sty
Package: pdftexcmds 2019/11/24 v0.31 Utility functions of pdfTeX for LuaTeX (HO
)

(/usr/local/texlive/2020/texmf-dist/tex/generic/infwarerr/infwarerr.sty
Package: infwarerr 2019/12/03 v1.5 Providing info/warning/error messages (HO)
)
Package pdftexcmds Info: \pdf@primitive is available.
Package pdftexcmds Info: \pdf@ifprimitive is available.
Package pdftexcmds Info: \pdfdraftmode found.
)
(/usr/local/texlive/2020/texmf-dist/tex/generic/kvsetkeys/kvsetkeys.sty
Package: kvsetkeys 2019/12/15 v1.18 Key value parser (HO)
)
(/usr/local/texlive/2020/texmf-dist/tex/generic/kvdefinekeys/kvdefinekeys.sty
Package: kvdefinekeys 2019-12-19 v1.6 Define keys (HO)
)
(/usr/local/texlive/2020/texmf-dist/tex/generic/pdfescape/pdfescape.sty
Package: pdfescape 2019/12/09 v1.15 Implements pdfTeX's escape features (HO)
)
(/usr/local/texlive/2020/texmf-dist/tex/latex/hycolor/hycolor.sty
Package: hycolor 2020-01-27 v1.10 Color options for hyperref/bookmark (HO)
)
(/usr/local/texlive/2020/texmf-dist/tex/latex/letltxmacro/letltxmacro.sty
Package: letltxmacro 2019/12/03 v1.6 Let assignment for LaTeX macros (HO)
)
(/usr/local/texlive/2020/texmf-dist/tex/latex/auxhook/auxhook.sty
Package: auxhook 2019-12-17 v1.6 Hooks for auxiliary files (HO)
)
(/usr/local/texlive/2020/texmf-dist/tex/latex/kvoptions/kvoptions.sty
Package: kvoptions 2019/11/29 v3.13 Key value format for package options (HO)
)
\@linkdim=\dimen163
\Hy@linkcounter=\count271
\Hy@pagecounter=\count272

(/usr/local/texlive/2020/texmf-dist/tex/latex/hyperref/pd1enc.def
File: pd1enc.def 2020/01/14 v7.00d Hyperref: PDFDocEncoding definition (HO)
Now handling font encoding PD1 ...
... no UTF-8 mapping file for font encoding PD1
)
(/usr/local/texlive/2020/texmf-dist/tex/generic/intcalc/intcalc.sty
Package: intcalc 2019/12/15 v1.3 Expandable calculations with integers (HO)
)
(/usr/local/texlive/2020/texmf-dist/tex/generic/etexcmds/etexcmds.sty
Package: etexcmds 2019/12/15 v1.7 Avoid name clashes with e-TeX commands (HO)
)
\Hy@SavedSpaceFactor=\count273
Package hyperref Info: Hyper figures OFF on input line 4547.
Package hyperref Info: Link nesting OFF on input line 4552.
Package hyperref Info: Hyper index ON on input line 4555.
Package hyperref Info: Plain pages OFF on input line 4562.
Package hyperref Info: Backreferencing OFF on input line 4567.
Package hyperref Info: Implicit mode ON; LaTeX internals redefined.
Package hyperref Info: Bookmarks ON on input line 4800.
\c@Hy@tempcnt=\count274
LaTeX Info: Redefining \url on input line 5159.
\XeTeXLinkMargin=\dimen164

(/usr/local/texlive/2020/texmf-dist/tex/generic/bitset/bitset.sty
Package: bitset 2019/12/09 v1.3 Handle bit-vector datatype (HO)

(/usr/local/texlive/2020/texmf-dist/tex/generic/bigintcalc/bigintcalc.sty
Package: bigintcalc 2019/12/15 v1.5 Expandable calculations on big integers (HO
)
))
\Fld@menulength=\count275
\Field@Width=\dimen165
\Fld@charsize=\dimen166
Package hyperref Info: Hyper figures OFF on input line 6430.
Package hyperref Info: Link nesting OFF on input line 6435.
Package hyperref Info: Hyper index ON on input line 6438.
Package hyperref Info: backreferencing OFF on input line 6445.
Package hyperref Info: Link coloring OFF on input line 6450.
Package hyperref Info: Link coloring with OCG OFF on input line 6455.
Package hyperref Info: PDF/A mode OFF on input line 6460.
LaTeX Info: Redefining \ref on input line 6500.
LaTeX Info: Redefining \pageref on input line 6504.

(/usr/local/texlive/2020/texmf-dist/tex/generic/atbegshi/atbegshi.sty
Package: atbegshi 2019/12/05 v1.19 At begin shipout hook (HO)
)
\Hy@abspage=\count276
\c@Item=\count277
\c@Hfootnote=\count278
)
Package hyperref Info: Driver (autodetected): hpdftex.

(/usr/local/texlive/2020/texmf-dist/tex/latex/hyperref/hpdftex.def
File: hpdftex.def 2020/01/14 v7.00d Hyperref driver for pdfTeX

(/usr/local/texlive/2020/texmf-dist/tex/latex/atveryend/atveryend.sty
Package: atveryend 2019-12-11 v1.11 Hooks at the very end of document (HO)
Package atveryend Info: \enddocument detected (standard20110627).
)
\Fld@listcount=\count279
\c@bookmark@seq@number=\count280

(/usr/local/texlive/2020/texmf-dist/tex/latex/rerunfilecheck/rerunfilecheck.sty
Package: rerunfilecheck 2019/12/05 v1.9 Rerun checks for auxiliary files (HO)

(/usr/local/texlive/2020/texmf-dist/tex/generic/uniquecounter/uniquecounter.sty
Package: uniquecounter 2019/12/15 v1.4 Provide unlimited unique counter (HO)
)
Package uniquecounter Info: New unique counter `rerunfilecheck' on input line 2
86.
)
\Hy@SectionHShift=\skip72
) (/usr/local/texlive/2020/texmf-dist/tex/latex/sttools/cuted.sty
Package: cuted 2012/10/04 v1.5 Mixing onecolumn and twocolumn modes
\At@ViperColsBreak=\toks33
\v@aaa=\box57
\v@ccc=\box58
\lastskip@a=\skip73
\lastskip@b=\skip74
\lastskip@d=\skip75
\lastbox@a=\box59
\stripsep=\skip76
\@viper=\box60
\viper@penalty=\count281
\hold@viper=\box61
\ht@viper=\dimen167
)
(/usr/local/texlive/2020/texmf-dist/tex/latex/algorithm2e/algorithm2e.sty
Package: algorithm2e 2017/07/18 v5.2 algorithms environments
\c@AlgoLine=\count282

(/usr/local/texlive/2020/texmf-dist/tex/latex/base/ifthen.sty
Package: ifthen 2014/09/29 v1.1c Standard LaTeX ifthen package (DPC)
)
\algocf@hangindent=\skip77

(/usr/local/texlive/2020/texmf-dist/tex/latex/ifoddpage/ifoddpage.sty
Package: ifoddpage 2016/04/23 v1.1 Conditionals for odd/even page detection
\c@checkoddpage=\count283
)
(/usr/local/texlive/2020/texmf-dist/tex/latex/tools/xspace.sty
Package: xspace 2014/10/28 v1.13 Space after command names (DPC,MH)
)
(/usr/local/texlive/2020/texmf-dist/tex/latex/relsize/relsize.sty
Package: relsize 2013/03/29 ver 4.1
)
\skiptotal=\skip78
\skiplinenumber=\skip79
\skiprule=\skip80
\skiphlne=\skip81
\skiptext=\skip82
\skiplength=\skip83
\algomargin=\skip84
\skipalgocfslide=\skip85
\algowidth=\dimen168
\inoutsize=\dimen169
\inoutindent=\dimen170
\interspacetitleruled=\dimen171
\interspacealgoruled=\dimen172
\interspacetitleboxruled=\dimen173
\algocf@ruledwidth=\skip86
\algocf@inoutbox=\box62
\algocf@inputbox=\box63
\AlCapSkip=\skip87
\AlCapHSkip=\skip88
\algoskipindent=\skip89
\algocf@nlbox=\box64
\algocf@hangingbox=\box65
\algocf@untilbox=\box66
\algocf@skipuntil=\skip90
\algocf@capbox=\box67
\algocf@lcaptionbox=\skip91
\algoheightruledefault=\skip92
\algoheightrule=\skip93
\algotitleheightruledefault=\skip94
\algotitleheightrule=\skip95
\c@algocfline=\count284
\c@algocfproc=\count285
\c@algocf=\count286
\algocf@algoframe=\box68
\algocf@algobox=\box69
)
(/usr/local/texlive/2020/texmf-dist/tex/latex/graphics/epsfig.sty
Package: epsfig 2017/06/25 v1.7b (e)psfig emulation (SPQR)
\epsfxsize=\dimen174
\epsfysize=\dimen175
)
(/usr/local/texlive/2020/texmf-dist/tex/latex/geometry/geometry.sty
Package: geometry 2020/01/02 v5.9 Page Geometry

(/usr/local/texlive/2020/texmf-dist/tex/generic/iftex/ifvtex.sty
Package: ifvtex 2019/10/25 v1.7 ifvtex legacy package. Use iftex instead.
)
\Gm@cnth=\count287
\Gm@cntv=\count288
\c@Gm@tempcnt=\count289
\Gm@bindingoffset=\dimen176
\Gm@wd@mp=\dimen177
\Gm@odd@mp=\dimen178
\Gm@even@mp=\dimen179
\Gm@layoutwidth=\dimen180
\Gm@layoutheight=\dimen181
\Gm@layouthoffset=\dimen182
\Gm@layoutvoffset=\dimen183
\Gm@dimlist=\toks34
)

Package geometry Warning: Over-specification in `v'-direction.
    `height' (731.23582pt) is ignored.

(/usr/local/texlive/2020/texmf-dist/tex/latex/listings/listings.sty
\lst@mode=\count290
\lst@gtempboxa=\box70
\lst@token=\toks35
\lst@length=\count291
\lst@currlwidth=\dimen184
\lst@column=\count292
\lst@pos=\count293
\lst@lostspace=\dimen185
\lst@width=\dimen186
\lst@newlines=\count294
\lst@lineno=\count295
\lst@maxwidth=\dimen187

(/usr/local/texlive/2020/texmf-dist/tex/latex/listings/lstmisc.sty
File: lstmisc.sty 2020/03/24 1.8d (Carsten Heinz)
\c@lstnumber=\count296
\lst@skipnumbers=\count297
\lst@framebox=\box71
)
(/usr/local/texlive/2020/texmf-dist/tex/latex/listings/listings.cfg
File: listings.cfg 2020/03/24 1.8d listings configuration
))
Package: listings 2020/03/24 1.8d (Carsten Heinz)

(/usr/local/texlive/2020/texmf-dist/tex/latex/xcolor/xcolor.sty
Package: xcolor 2016/05/11 v2.12 LaTeX color extensions (UK)

(/usr/local/texlive/2020/texmf-dist/tex/latex/graphics-cfg/color.cfg
File: color.cfg 2016/01/02 v1.6 sample color configuration
)
Package xcolor Info: Driver file: pdftex.def on input line 225.
LaTeX Info: Redefining \color on input line 709.
Package xcolor Info: Model `cmy' substituted by `cmy0' on input line 1348.
Package xcolor Info: Model `hsb' substituted by `rgb' on input line 1352.
Package xcolor Info: Model `RGB' extended on input line 1364.
Package xcolor Info: Model `HTML' substituted by `rgb' on input line 1366.
Package xcolor Info: Model `Hsb' substituted by `hsb' on input line 1367.
Package xcolor Info: Model `tHsb' substituted by `hsb' on input line 1368.
Package xcolor Info: Model `HSB' substituted by `hsb' on input line 1369.
Package xcolor Info: Model `Gray' substituted by `gray' on input line 1370.
Package xcolor Info: Model `wave' substituted by `hsb' on input line 1371.
)
(/usr/local/texlive/2020/texmf-dist/tex/latex/l3backend/l3backend-pdfmode.def
File: l3backend-pdfmode.def 2020-03-12 L3 backend support: PDF mode
\l__kernel_color_stack_int=\count298
\l__pdf_internal_box=\box72
)
(./main.aux

LaTeX Warning: Label `eq:CDRlnTest' multiply defined.


LaTeX Warning: Label `fig:a' multiply defined.


LaTeX Warning: Label `sub@fig:a' multiply defined.


LaTeX Warning: Label `fig:a' multiply defined.


LaTeX Warning: Label `sub@fig:a' multiply defined.


LaTeX Warning: Label `fig:a' multiply defined.


LaTeX Warning: Label `sub@fig:a' multiply defined.


LaTeX Warning: Label `fig:a' multiply defined.


LaTeX Warning: Label `sub@fig:a' multiply defined.


LaTeX Warning: Label `fig:a' multiply defined.


LaTeX Warning: Label `sub@fig:a' multiply defined.


LaTeX Warning: Label `fig:a' multiply defined.


LaTeX Warning: Label `sub@fig:a' multiply defined.


LaTeX Warning: Label `fig:a' multiply defined.


LaTeX Warning: Label `sub@fig:a' multiply defined.


LaTeX Warning: Label `fig:a' multiply defined.


LaTeX Warning: Label `sub@fig:a' multiply defined.


LaTeX Warning: Label `fig:a' multiply defined.


LaTeX Warning: Label `sub@fig:a' multiply defined.


LaTeX Warning: Label `fig:a' multiply defined.


LaTeX Warning: Label `sub@fig:a' multiply defined.


LaTeX Warning: Label `fig:a' multiply defined.


LaTeX Warning: Label `sub@fig:a' multiply defined.


LaTeX Warning: Label `fig:a' multiply defined.


LaTeX Warning: Label `sub@fig:a' multiply defined.


LaTeX Warning: Label `fig:a' multiply defined.


LaTeX Warning: Label `sub@fig:a' multiply defined.


LaTeX Warning: Label `fig:a' multiply defined.


LaTeX Warning: Label `sub@fig:a' multiply defined.


LaTeX Warning: Label `fig:a' multiply defined.


LaTeX Warning: Label `sub@fig:a' multiply defined.


LaTeX Warning: Label `fig:a' multiply defined.


LaTeX Warning: Label `sub@fig:a' multiply defined.


LaTeX Warning: Label `fig:a' multiply defined.


LaTeX Warning: Label `sub@fig:a' multiply defined.


LaTeX Warning: Label `fig:a' multiply defined.


LaTeX Warning: Label `sub@fig:a' multiply defined.


LaTeX Warning: Label `fig:a' multiply defined.


LaTeX Warning: Label `sub@fig:a' multiply defined.


LaTeX Warning: Label `fig:a' multiply defined.


LaTeX Warning: Label `sub@fig:a' multiply defined.


LaTeX Warning: Label `fig:a' multiply defined.


LaTeX Warning: Label `sub@fig:a' multiply defined.


LaTeX Warning: Label `fig:a' multiply defined.


LaTeX Warning: Label `sub@fig:a' multiply defined.


LaTeX Warning: Label `fig:a' multiply defined.


LaTeX Warning: Label `sub@fig:a' multiply defined.


LaTeX Warning: Label `fig:a' multiply defined.


LaTeX Warning: Label `sub@fig:a' multiply defined.


LaTeX Warning: Label `fig:a' multiply defined.


LaTeX Warning: Label `sub@fig:a' multiply defined.


LaTeX Warning: Label `fig:a' multiply defined.


LaTeX Warning: Label `sub@fig:a' multiply defined.


LaTeX Warning: Label `fig:a' multiply defined.


LaTeX Warning: Label `sub@fig:a' multiply defined.


LaTeX Warning: Label `fig:a' multiply defined.


LaTeX Warning: Label `sub@fig:a' multiply defined.


LaTeX Warning: Label `fig:a' multiply defined.


LaTeX Warning: Label `sub@fig:a' multiply defined.


LaTeX Warning: Label `fig:a' multiply defined.


LaTeX Warning: Label `sub@fig:a' multiply defined.


LaTeX Warning: Label `fig:a' multiply defined.


LaTeX Warning: Label `sub@fig:a' multiply defined.


LaTeX Warning: Label `fig:a' multiply defined.


LaTeX Warning: Label `sub@fig:a' multiply defined.


LaTeX Warning: Label `fig:a' multiply defined.


LaTeX Warning: Label `sub@fig:a' multiply defined.


LaTeX Warning: Label `fig:a' multiply defined.


LaTeX Warning: Label `sub@fig:a' multiply defined.


LaTeX Warning: Label `fig:a' multiply defined.


LaTeX Warning: Label `sub@fig:a' multiply defined.


LaTeX Warning: Label `fig:a' multiply defined.


LaTeX Warning: Label `sub@fig:a' multiply defined.


LaTeX Warning: Label `fig:a' multiply defined.


LaTeX Warning: Label `sub@fig:a' multiply defined.


LaTeX Warning: Label `fig:a' multiply defined.


LaTeX Warning: Label `sub@fig:a' multiply defined.


LaTeX Warning: Label `fig:a' multiply defined.


LaTeX Warning: Label `sub@fig:a' multiply defined.


LaTeX Warning: Label `fig:a' multiply defined.


LaTeX Warning: Label `sub@fig:a' multiply defined.


LaTeX Warning: Label `fig:a' multiply defined.


LaTeX Warning: Label `sub@fig:a' multiply defined.


LaTeX Warning: Label `fig:a' multiply defined.


LaTeX Warning: Label `sub@fig:a' multiply defined.


LaTeX Warning: Label `fig:a' multiply defined.


LaTeX Warning: Label `sub@fig:a' multiply defined.


LaTeX Warning: Label `fig:a' multiply defined.


LaTeX Warning: Label `sub@fig:a' multiply defined.


LaTeX Warning: Label `fig:a' multiply defined.


LaTeX Warning: Label `sub@fig:a' multiply defined.


LaTeX Warning: Label `fig:a' multiply defined.


LaTeX Warning: Label `sub@fig:a' multiply defined.


LaTeX Warning: Label `fig:a' multiply defined.


LaTeX Warning: Label `sub@fig:a' multiply defined.


LaTeX Warning: Label `fig:a' multiply defined.


LaTeX Warning: Label `sub@fig:a' multiply defined.


LaTeX Warning: Label `fig:a' multiply defined.


LaTeX Warning: Label `sub@fig:a' multiply defined.


LaTeX Warning: Label `fig:a' multiply defined.


LaTeX Warning: Label `sub@fig:a' multiply defined.


LaTeX Warning: Label `fig:a' multiply defined.


LaTeX Warning: Label `sub@fig:a' multiply defined.


LaTeX Warning: Label `fig:a' multiply defined.


LaTeX Warning: Label `sub@fig:a' multiply defined.


LaTeX Warning: Label `fig:a' multiply defined.


LaTeX Warning: Label `sub@fig:a' multiply defined.


LaTeX Warning: Label `fig:a' multiply defined.


LaTeX Warning: Label `sub@fig:a' multiply defined.


LaTeX Warning: Label `fig:a' multiply defined.


LaTeX Warning: Label `sub@fig:a' multiply defined.


LaTeX Warning: Label `fig:a' multiply defined.


LaTeX Warning: Label `sub@fig:a' multiply defined.


LaTeX Warning: Label `fig:a' multiply defined.


LaTeX Warning: Label `sub@fig:a' multiply defined.

)
\openout1 = `main.aux'.

LaTeX Font Info:    Checking defaults for OML/cmm/m/it on input line 107.
LaTeX Font Info:    ... okay on input line 107.
LaTeX Font Info:    Checking defaults for OMS/cmsy/m/n on input line 107.
LaTeX Font Info:    ... okay on input line 107.
LaTeX Font Info:    Checking defaults for OT1/cmr/m/n on input line 107.
LaTeX Font Info:    ... okay on input line 107.
LaTeX Font Info:    Checking defaults for T1/cmr/m/n on input line 107.
LaTeX Font Info:    ... okay on input line 107.
LaTeX Font Info:    Checking defaults for TS1/cmr/m/n on input line 107.
LaTeX Font Info:    ... okay on input line 107.
LaTeX Font Info:    Checking defaults for OMX/cmex/m/n on input line 107.
LaTeX Font Info:    ... okay on input line 107.
LaTeX Font Info:    Checking defaults for U/cmr/m/n on input line 107.
LaTeX Font Info:    ... okay on input line 107.
LaTeX Font Info:    Checking defaults for PD1/pdf/m/n on input line 107.
LaTeX Font Info:    ... okay on input line 107.
LaTeX Font Info:    Trying to load font information for OT1+ptm on input line 1
07.
 (/usr/local/texlive/2020/texmf-dist/tex/latex/psnfss/ot1ptm.fd
File: ot1ptm.fd 2001/06/04 font definitions for OT1/ptm.
)
(/usr/local/texlive/2020/texmf-dist/tex/context/base/mkii/supp-pdf.mkii
[Loading MPS to PDF converter (version 2006.09.02).]
\scratchcounter=\count299
\scratchdimen=\dimen188
\scratchbox=\box73
\nofMPsegments=\count300
\nofMParguments=\count301
\everyMPshowfont=\toks36
\MPscratchCnt=\count302
\MPscratchDim=\dimen189
\MPnumerator=\count303
\makeMPintoPDFobject=\count304
\everyMPtoPDFconversion=\toks37
) (/usr/local/texlive/2020/texmf-dist/tex/latex/epstopdf-pkg/epstopdf-base.sty
Package: epstopdf-base 2020-01-24 v2.11 Base part for package epstopdf
Package epstopdf-base Info: Redefining graphics rule for `.eps' on input line 4
85.

(/usr/local/texlive/2020/texmf-dist/tex/latex/latexconfig/epstopdf-sys.cfg
File: epstopdf-sys.cfg 2010/07/13 v1.3 Configuration of (r)epstopdf for TeX Liv
e
))
\AtBeginShipoutBox=\box74
Package hyperref Info: Link coloring OFF on input line 107.

(/usr/local/texlive/2020/texmf-dist/tex/latex/hyperref/nameref.sty
Package: nameref 2019/09/16 v2.46 Cross-referencing by name of section

(/usr/local/texlive/2020/texmf-dist/tex/latex/refcount/refcount.sty
Package: refcount 2019/12/15 v3.6 Data extraction from label references (HO)
)
(/usr/local/texlive/2020/texmf-dist/tex/generic/gettitlestring/gettitlestring.s
ty
Package: gettitlestring 2019/12/15 v1.6 Cleanup title references (HO)
)
\c@section@level=\count305
)
LaTeX Info: Redefining \ref on input line 107.
LaTeX Info: Redefining \pageref on input line 107.
LaTeX Info: Redefining \nameref on input line 107.
 (./main.out) (./main.out)
\@outlinefile=\write3
\openout3 = `main.out'.


*geometry* driver: auto-detecting
*geometry* detected driver: pdftex
*geometry* verbose mode - [ preamble ] result:
* driver: pdftex
* paper: a4paper
* layout: <same size as paper>
* layoutoffset:(h,v)=(0.0pt,0.0pt)
* modes: 
* h-part:(L,W,R)=(56.9055pt, 483.69684pt, 56.90553pt)
* v-part:(T,H,B)=(85.35826pt, 674.33032pt, 85.35826pt)
* \paperwidth=597.50787pt
* \paperheight=845.04684pt
* \textwidth=483.69684pt
* \textheight=674.33032pt
* \oddsidemargin=-15.36449pt
* \evensidemargin=-15.36449pt
* \topmargin=-23.91173pt
* \headheight=12.0pt
* \headsep=25.0pt
* \topskip=11.0pt
* \footskip=30.0pt
* \marginparwidth=54.2025pt
* \marginparsep=10.0pt
* \columnsep=10.0pt
* \skip\footins=10.0pt plus 4.0pt minus 2.0pt
* \hoffset=0.0pt
* \voffset=0.0pt
* \mag=1000
* \@twocolumnfalse
* \@twosidefalse
* \@mparswitchfalse
* \@reversemarginfalse
* (1in=72.27pt=25.4mm, 1cm=28.453pt)

\c@lstlisting=\count306
<../results/path.png, id=96, 598.235pt x 447.6725pt>
File: ../results/path.png Graphic file (type png)
<use ../results/path.png>
Package pdftex.def Info: ../results/path.png  used on input line 135.
(pdftex.def)             Requested size: 252.94499pt x 189.28488pt.
LaTeX Font Info:    Trying to load font information for U+lasy on input line 15
0.
(/usr/local/texlive/2020/texmf-dist/tex/latex/base/ulasy.fd
File: ulasy.fd 1998/08/17 v2.2e LaTeX symbol font definitions
)
LaTeX Font Info:    Trying to load font information for U+rsfs on input line 15
0.

(/usr/local/texlive/2020/texmf-dist/tex/latex/jknapltx/ursfs.fd
File: ursfs.fd 1998/03/24 rsfs font definition file (jk)
)
LaTeX Font Info:    Trying to load font information for U+stmry on input line 1
50.

(/usr/local/texlive/2020/texmf-dist/tex/latex/stmaryrd/Ustmry.fd)
LaTeX Font Info:    Trying to load font information for U+msa on input line 150
.

(/usr/local/texlive/2020/texmf-dist/tex/latex/amsfonts/umsa.fd
File: umsa.fd 2013/01/14 v3.01 AMS symbols A
)
LaTeX Font Info:    Trying to load font information for U+msb on input line 150
.

(/usr/local/texlive/2020/texmf-dist/tex/latex/amsfonts/umsb.fd
File: umsb.fd 2013/01/14 v3.01 AMS symbols B
)
LaTeX Font Info:    Trying to load font information for U+wasy on input line 15
0.

(/usr/local/texlive/2020/texmf-dist/tex/latex/wasysym/uwasy.fd
File: uwasy.fd 2020/01/19 v2.4 Wasy-2 symbol font definitions
)
LaTeX Font Info:    Font shape `U/lasy/b/n' in size <8> not available
(Font)              Font shape `U/lasy/m/n' tried instead on input line 150.
LaTeX Font Info:    Font shape `U/lasy/b/n' in size <6> not available
(Font)              Font shape `U/lasy/m/n' tried instead on input line 150.
 [1

{/usr/local/texlive/2020/texmf-var/fonts/map/pdftex/updmap/pdftex.map} <../resu
lts/path.png>]

Package hyperref Warning: Token not allowed in a PDF string (PDFDocEncoding):
(hyperref)                removing `math shift' on input line 171.


Package hyperref Warning: Token not allowed in a PDF string (PDFDocEncoding):
(hyperref)                removing `subscript' on input line 171.


Package hyperref Warning: Token not allowed in a PDF string (PDFDocEncoding):
(hyperref)                removing `math shift' on input line 171.

[2]

Package hyperref Warning: Token not allowed in a PDF string (PDFDocEncoding):
(hyperref)                removing `math shift' on input line 229.


Package hyperref Warning: Token not allowed in a PDF string (PDFDocEncoding):
(hyperref)                removing `subscript' on input line 229.


Package hyperref Warning: Token not allowed in a PDF string (PDFDocEncoding):
(hyperref)                removing `math shift' on input line 229.


Package hyperref Warning: Token not allowed in a PDF string (PDFDocEncoding):
(hyperref)                removing `math shift' on input line 252.


Package hyperref Warning: Token not allowed in a PDF string (PDFDocEncoding):
(hyperref)                removing `subscript' on input line 252.


Package hyperref Warning: Token not allowed in a PDF string (PDFDocEncoding):
(hyperref)                removing `math shift' on input line 252.

[3]

Package hyperref Warning: Token not allowed in a PDF string (PDFDocEncoding):
(hyperref)                removing `math shift' on input line 302.


Package hyperref Warning: Token not allowed in a PDF string (PDFDocEncoding):
(hyperref)                removing `subscript' on input line 302.


Package hyperref Warning: Token not allowed in a PDF string (PDFDocEncoding):
(hyperref)                removing `math shift' on input line 302.

[4] [5]

Package hyperref Warning: Token not allowed in a PDF string (PDFDocEncoding):
(hyperref)                removing `math shift' on input line 360.


Package hyperref Warning: Token not allowed in a PDF string (PDFDocEncoding):
(hyperref)                removing `subscript' on input line 360.


Package hyperref Warning: Token not allowed in a PDF string (PDFDocEncoding):
(hyperref)                removing `math shift' on input line 360.

<../results/CDR/CDR_PD_Bt_0.1.pdf, id=178, 531.97604pt x 530.5293pt>
File: ../results/CDR/CDR_PD_Bt_0.1.pdf Graphic file (type pdf)
<use ../results/CDR/CDR_PD_Bt_0.1.pdf>
Package pdftex.def Info: ../results/CDR/CDR_PD_Bt_0.1.pdf  used on input line 3
65.
(pdftex.def)             Requested size: 144.54pt x 144.14339pt.
LaTeX Font Info:    Font shape `U/lasy/b/n' in size <9> not available
(Font)              Font shape `U/lasy/m/n' tried instead on input line 365.
LaTeX Font Info:    Font shape `U/lasy/b/n' in size <5> not available
(Font)              Font shape `U/lasy/m/n' tried instead on input line 365.
<../results/CDR/CDR_PD_Bt_0.2.pdf, id=179, 531.97604pt x 530.5293pt>
File: ../results/CDR/CDR_PD_Bt_0.2.pdf Graphic file (type pdf)
<use ../results/CDR/CDR_PD_Bt_0.2.pdf>
Package pdftex.def Info: ../results/CDR/CDR_PD_Bt_0.2.pdf  used on input line 3
66.
(pdftex.def)             Requested size: 144.54pt x 144.14339pt.
<../results/CDR/CDR_PD_Bt_0.3.pdf, id=180, 531.97604pt x 530.5293pt>
File: ../results/CDR/CDR_PD_Bt_0.3.pdf Graphic file (type pdf)
<use ../results/CDR/CDR_PD_Bt_0.3.pdf>
Package pdftex.def Info: ../results/CDR/CDR_PD_Bt_0.3.pdf  used on input line 3
67.
(pdftex.def)             Requested size: 144.54pt x 144.14339pt.
<../results/CDR/CDR_PD_Bt_0.4.pdf, id=181, 531.97604pt x 530.5293pt>
File: ../results/CDR/CDR_PD_Bt_0.4.pdf Graphic file (type pdf)
<use ../results/CDR/CDR_PD_Bt_0.4.pdf>
Package pdftex.def Info: ../results/CDR/CDR_PD_Bt_0.4.pdf  used on input line 3
68.
(pdftex.def)             Requested size: 144.54pt x 144.14339pt.
<../results/CDR/CDR_PD_Bt_0.5.pdf, id=182, 531.97604pt x 530.5293pt>
File: ../results/CDR/CDR_PD_Bt_0.5.pdf Graphic file (type pdf)
<use ../results/CDR/CDR_PD_Bt_0.5.pdf>
Package pdftex.def Info: ../results/CDR/CDR_PD_Bt_0.5.pdf  used on input line 3
69.
(pdftex.def)             Requested size: 144.54pt x 144.14339pt.
<../results/CDR/CDR_PD_Bt_0.6.pdf, id=183, 531.97604pt x 530.5293pt>
File: ../results/CDR/CDR_PD_Bt_0.6.pdf Graphic file (type pdf)
<use ../results/CDR/CDR_PD_Bt_0.6.pdf>
Package pdftex.def Info: ../results/CDR/CDR_PD_Bt_0.6.pdf  used on input line 3
70.
(pdftex.def)             Requested size: 144.54pt x 144.14339pt.

Package hyperref Warning: Token not allowed in a PDF string (PDFDocEncoding):
(hyperref)                removing `math shift' on input line 377.


Package hyperref Warning: Token not allowed in a PDF string (PDFDocEncoding):
(hyperref)                removing `subscript' on input line 377.


Package hyperref Warning: Token not allowed in a PDF string (PDFDocEncoding):
(hyperref)                removing `math shift' on input line 377.

<../results/CDR/CDR_ROC_Bt_0.1.pdf, id=184, 526.97604pt x 530.5293pt>
File: ../results/CDR/CDR_ROC_Bt_0.1.pdf Graphic file (type pdf)
<use ../results/CDR/CDR_ROC_Bt_0.1.pdf>
Package pdftex.def Info: ../results/CDR/CDR_ROC_Bt_0.1.pdf  used on input line 
382.
(pdftex.def)             Requested size: 144.54pt x 145.51147pt.
<../results/CDR/CDR_ROC_Bt_0.2.pdf, id=185, 526.97604pt x 530.5293pt>
File: ../results/CDR/CDR_ROC_Bt_0.2.pdf Graphic file (type pdf)
<use ../results/CDR/CDR_ROC_Bt_0.2.pdf>
Package pdftex.def Info: ../results/CDR/CDR_ROC_Bt_0.2.pdf  used on input line 
383.
(pdftex.def)             Requested size: 144.54pt x 145.51147pt.
<../results/CDR/CDR_ROC_Bt_0.3.pdf, id=186, 526.97604pt x 530.5293pt>
File: ../results/CDR/CDR_ROC_Bt_0.3.pdf Graphic file (type pdf)
<use ../results/CDR/CDR_ROC_Bt_0.3.pdf>
Package pdftex.def Info: ../results/CDR/CDR_ROC_Bt_0.3.pdf  used on input line 
384.
(pdftex.def)             Requested size: 144.54pt x 145.51147pt.
<../results/CDR/CDR_ROC_Bt_0.4.pdf, id=187, 526.97604pt x 530.5293pt>
File: ../results/CDR/CDR_ROC_Bt_0.4.pdf Graphic file (type pdf)
<use ../results/CDR/CDR_ROC_Bt_0.4.pdf>
Package pdftex.def Info: ../results/CDR/CDR_ROC_Bt_0.4.pdf  used on input line 
385.
(pdftex.def)             Requested size: 144.54pt x 145.51147pt.
<../results/CDR/CDR_ROC_Bt_0.5.pdf, id=188, 526.97604pt x 530.5293pt>
File: ../results/CDR/CDR_ROC_Bt_0.5.pdf Graphic file (type pdf)
<use ../results/CDR/CDR_ROC_Bt_0.5.pdf>
Package pdftex.def Info: ../results/CDR/CDR_ROC_Bt_0.5.pdf  used on input line 
386.
(pdftex.def)             Requested size: 144.54pt x 145.51147pt.
<../results/CDR/CDR_ROC_Bt_0.6.pdf, id=189, 526.97604pt x 530.5293pt>
File: ../results/CDR/CDR_ROC_Bt_0.6.pdf Graphic file (type pdf)
<use ../results/CDR/CDR_ROC_Bt_0.6.pdf>
Package pdftex.def Info: ../results/CDR/CDR_ROC_Bt_0.6.pdf  used on input line 
387.
(pdftex.def)             Requested size: 144.54pt x 145.51147pt.

LaTeX Warning: `h' float specifier changed to `ht'.


Package hyperref Warning: Token not allowed in a PDF string (PDFDocEncoding):
(hyperref)                removing `math shift' on input line 394.


Package hyperref Warning: Token not allowed in a PDF string (PDFDocEncoding):
(hyperref)                removing `subscript' on input line 394.


Package hyperref Warning: Token not allowed in a PDF string (PDFDocEncoding):
(hyperref)                removing `math shift' on input line 394.

<../results/CFAR/CFAR_PFA_Bt_0.1.pdf, id=190, 531.97604pt x 528.63054pt>
File: ../results/CFAR/CFAR_PFA_Bt_0.1.pdf Graphic file (type pdf)
<use ../results/CFAR/CFAR_PFA_Bt_0.1.pdf>
Package pdftex.def Info: ../results/CFAR/CFAR_PFA_Bt_0.1.pdf  used on input lin
e 399.
(pdftex.def)             Requested size: 144.54pt x 143.6275pt.
<../results/CFAR/CFAR_PFA_Bt_0.2.pdf, id=191, 531.97604pt x 528.63054pt>
File: ../results/CFAR/CFAR_PFA_Bt_0.2.pdf Graphic file (type pdf)
<use ../results/CFAR/CFAR_PFA_Bt_0.2.pdf>
Package pdftex.def Info: ../results/CFAR/CFAR_PFA_Bt_0.2.pdf  used on input lin
e 400.
(pdftex.def)             Requested size: 144.54pt x 143.6275pt.
<../results/CFAR/CFAR_PFA_Bt_0.3.pdf, id=192, 531.97604pt x 528.63054pt>
File: ../results/CFAR/CFAR_PFA_Bt_0.3.pdf Graphic file (type pdf)
<use ../results/CFAR/CFAR_PFA_Bt_0.3.pdf>
Package pdftex.def Info: ../results/CFAR/CFAR_PFA_Bt_0.3.pdf  used on input lin
e 401.
(pdftex.def)             Requested size: 144.54pt x 143.6275pt.
<../results/CFAR/CFAR_PFA_Bt_0.4.pdf, id=193, 531.97604pt x 528.63054pt>
File: ../results/CFAR/CFAR_PFA_Bt_0.4.pdf Graphic file (type pdf)
<use ../results/CFAR/CFAR_PFA_Bt_0.4.pdf>
Package pdftex.def Info: ../results/CFAR/CFAR_PFA_Bt_0.4.pdf  used on input lin
e 402.
(pdftex.def)             Requested size: 144.54pt x 143.6275pt.
<../results/CFAR/CFAR_PFA_Bt_0.5.pdf, id=194, 531.97604pt x 528.63054pt>
File: ../results/CFAR/CFAR_PFA_Bt_0.5.pdf Graphic file (type pdf)
<use ../results/CFAR/CFAR_PFA_Bt_0.5.pdf>
Package pdftex.def Info: ../results/CFAR/CFAR_PFA_Bt_0.5.pdf  used on input lin
e 403.
(pdftex.def)             Requested size: 144.54pt x 143.6275pt.
<../results/CFAR/CFAR_PFA_Bt_0.6.pdf, id=195, 531.97604pt x 528.63054pt>
File: ../results/CFAR/CFAR_PFA_Bt_0.6.pdf Graphic file (type pdf)
<use ../results/CFAR/CFAR_PFA_Bt_0.6.pdf>
Package pdftex.def Info: ../results/CFAR/CFAR_PFA_Bt_0.6.pdf  used on input lin
e 404.
(pdftex.def)             Requested size: 144.54pt x 143.6275pt.

LaTeX Warning: `h' float specifier changed to `ht'.


Package hyperref Warning: Token not allowed in a PDF string (PDFDocEncoding):
(hyperref)                removing `math shift' on input line 411.


Package hyperref Warning: Token not allowed in a PDF string (PDFDocEncoding):
(hyperref)                removing `subscript' on input line 411.


Package hyperref Warning: Token not allowed in a PDF string (PDFDocEncoding):
(hyperref)                removing `math shift' on input line 411.

<../results/CFAR/CFAR_ROC_Bt_0.1.pdf, id=196, 526.97604pt x 528.63054pt>
File: ../results/CFAR/CFAR_ROC_Bt_0.1.pdf Graphic file (type pdf)
<use ../results/CFAR/CFAR_ROC_Bt_0.1.pdf>
Package pdftex.def Info: ../results/CFAR/CFAR_ROC_Bt_0.1.pdf  used on input lin
e 416.
(pdftex.def)             Requested size: 144.54pt x 144.99069pt.
<../results/CFAR/CFAR_ROC_Bt_0.2.pdf, id=197, 526.97604pt x 528.63054pt>
File: ../results/CFAR/CFAR_ROC_Bt_0.2.pdf Graphic file (type pdf)
<use ../results/CFAR/CFAR_ROC_Bt_0.2.pdf>
Package pdftex.def Info: ../results/CFAR/CFAR_ROC_Bt_0.2.pdf  used on input lin
e 417.
(pdftex.def)             Requested size: 144.54pt x 144.99069pt.
<../results/CFAR/CFAR_ROC_Bt_0.3.pdf, id=198, 526.97604pt x 528.63054pt>
File: ../results/CFAR/CFAR_ROC_Bt_0.3.pdf Graphic file (type pdf)
<use ../results/CFAR/CFAR_ROC_Bt_0.3.pdf>
Package pdftex.def Info: ../results/CFAR/CFAR_ROC_Bt_0.3.pdf  used on input lin
e 418.
(pdftex.def)             Requested size: 144.54pt x 144.99069pt.
<../results/CFAR/CFAR_ROC_Bt_0.4.pdf, id=199, 526.97604pt x 528.63054pt>
File: ../results/CFAR/CFAR_ROC_Bt_0.4.pdf Graphic file (type pdf)
<use ../results/CFAR/CFAR_ROC_Bt_0.4.pdf>
Package pdftex.def Info: ../results/CFAR/CFAR_ROC_Bt_0.4.pdf  used on input lin
e 419.
(pdftex.def)             Requested size: 144.54pt x 144.99069pt.
<../results/CFAR/CFAR_ROC_Bt_0.5.pdf, id=200, 526.97604pt x 528.63054pt>
File: ../results/CFAR/CFAR_ROC_Bt_0.5.pdf Graphic file (type pdf)
<use ../results/CFAR/CFAR_ROC_Bt_0.5.pdf>
Package pdftex.def Info: ../results/CFAR/CFAR_ROC_Bt_0.5.pdf  used on input lin
e 420.
(pdftex.def)             Requested size: 144.54pt x 144.99069pt.
<../results/CFAR/CFAR_ROC_Bt_0.6.pdf, id=201, 526.97604pt x 528.63054pt>
File: ../results/CFAR/CFAR_ROC_Bt_0.6.pdf Graphic file (type pdf)
<use ../results/CFAR/CFAR_ROC_Bt_0.6.pdf>
Package pdftex.def Info: ../results/CFAR/CFAR_ROC_Bt_0.6.pdf  used on input lin
e 421.
(pdftex.def)             Requested size: 144.54pt x 144.99069pt.

LaTeX Warning: `h' float specifier changed to `ht'.

[6 <../results/CDR/CDR_PD_Bt_0.1.pdf> <../results/CDR/CDR_PD_Bt_0.2.pdf

pdfTeX warning: /Library/TeX/texbin/pdflatex (file ../results/CDR/CDR_PD_Bt_0.2
.pdf): PDF inclusion: multiple pdfs with page group included in a single page
> <../results/CDR/CDR_PD_Bt_0.3.pdf

pdfTeX warning: /Library/TeX/texbin/pdflatex (file ../results/CDR/CDR_PD_Bt_0.3
.pdf): PDF inclusion: multiple pdfs with page group included in a single page
> <../results/CDR/CDR_PD_Bt_0.4.pdf

pdfTeX warning: /Library/TeX/texbin/pdflatex (file ../results/CDR/CDR_PD_Bt_0.4
.pdf): PDF inclusion: multiple pdfs with page group included in a single page
> <../results/CDR/CDR_PD_Bt_0.5.pdf

pdfTeX warning: /Library/TeX/texbin/pdflatex (file ../results/CDR/CDR_PD_Bt_0.5
.pdf): PDF inclusion: multiple pdfs with page group included in a single page
> <../results/CDR/CDR_PD_Bt_0.6.pdf

pdfTeX warning: /Library/TeX/texbin/pdflatex (file ../results/CDR/CDR_PD_Bt_0.6
.pdf): PDF inclusion: multiple pdfs with page group included in a single page
>] [7 <../results/CDR/CDR_ROC_Bt_0.1.pdf> <../results/CDR/CDR_ROC_Bt_0.2.pdf

pdfTeX warning: /Library/TeX/texbin/pdflatex (file ../results/CDR/CDR_ROC_Bt_0.
2.pdf): PDF inclusion: multiple pdfs with page group included in a single page
> <../results/CDR/CDR_ROC_Bt_0.3.pdf

pdfTeX warning: /Library/TeX/texbin/pdflatex (file ../results/CDR/CDR_ROC_Bt_0.
3.pdf): PDF inclusion: multiple pdfs with page group included in a single page
> <../results/CDR/CDR_ROC_Bt_0.4.pdf

pdfTeX warning: /Library/TeX/texbin/pdflatex (file ../results/CDR/CDR_ROC_Bt_0.
4.pdf): PDF inclusion: multiple pdfs with page group included in a single page
> <../results/CDR/CDR_ROC_Bt_0.5.pdf

pdfTeX warning: /Library/TeX/texbin/pdflatex (file ../results/CDR/CDR_ROC_Bt_0.
5.pdf): PDF inclusion: multiple pdfs with page group included in a single page
> <../results/CDR/CDR_ROC_Bt_0.6.pdf

pdfTeX warning: /Library/TeX/texbin/pdflatex (file ../results/CDR/CDR_ROC_Bt_0.
6.pdf): PDF inclusion: multiple pdfs with page group included in a single page
>] [8 <../results/CFAR/CFAR_PFA_Bt_0.1.pdf> <../results/CFAR/CFAR_PFA_Bt_0.2.pd
f

pdfTeX warning: /Library/TeX/texbin/pdflatex (file ../results/CFAR/CFAR_PFA_Bt_
0.2.pdf): PDF inclusion: multiple pdfs with page group included in a single pag
e
> <../results/CFAR/CFAR_PFA_Bt_0.3.pdf

pdfTeX warning: /Library/TeX/texbin/pdflatex (file ../results/CFAR/CFAR_PFA_Bt_
0.3.pdf): PDF inclusion: multiple pdfs with page group included in a single pag
e
> <../results/CFAR/CFAR_PFA_Bt_0.4.pdf

pdfTeX warning: /Library/TeX/texbin/pdflatex (file ../results/CFAR/CFAR_PFA_Bt_
0.4.pdf): PDF inclusion: multiple pdfs with page group included in a single pag
e
> <../results/CFAR/CFAR_PFA_Bt_0.5.pdf

pdfTeX warning: /Library/TeX/texbin/pdflatex (file ../results/CFAR/CFAR_PFA_Bt_
0.5.pdf): PDF inclusion: multiple pdfs with page group included in a single pag
e
> <../results/CFAR/CFAR_PFA_Bt_0.6.pdf

pdfTeX warning: /Library/TeX/texbin/pdflatex (file ../results/CFAR/CFAR_PFA_Bt_
0.6.pdf): PDF inclusion: multiple pdfs with page group included in a single pag
e
>] [9 <../results/CFAR/CFAR_ROC_Bt_0.1.pdf> <../results/CFAR/CFAR_ROC_Bt_0.2.pd
f

pdfTeX warning: /Library/TeX/texbin/pdflatex (file ../results/CFAR/CFAR_ROC_Bt_
0.2.pdf): PDF inclusion: multiple pdfs with page group included in a single pag
e
> <../results/CFAR/CFAR_ROC_Bt_0.3.pdf

pdfTeX warning: /Library/TeX/texbin/pdflatex (file ../results/CFAR/CFAR_ROC_Bt_
0.3.pdf): PDF inclusion: multiple pdfs with page group included in a single pag
e
> <../results/CFAR/CFAR_ROC_Bt_0.4.pdf

pdfTeX warning: /Library/TeX/texbin/pdflatex (file ../results/CFAR/CFAR_ROC_Bt_
0.4.pdf): PDF inclusion: multiple pdfs with page group included in a single pag
e
> <../results/CFAR/CFAR_ROC_Bt_0.5.pdf

pdfTeX warning: /Library/TeX/texbin/pdflatex (file ../results/CFAR/CFAR_ROC_Bt_
0.5.pdf): PDF inclusion: multiple pdfs with page group included in a single pag
e
> <../results/CFAR/CFAR_ROC_Bt_0.6.pdf

pdfTeX warning: /Library/TeX/texbin/pdflatex (file ../results/CFAR/CFAR_ROC_Bt_
0.6.pdf): PDF inclusion: multiple pdfs with page group included in a single pag
e
>] [10

]
<../results/KF/ex1/KF_Vel_Trace_Init_exact_noise_0.0.pdf, id=440, 737.87456pt x
 399.6456pt>
File: ../results/KF/ex1/KF_Vel_Trace_Init_exact_noise_0.0.pdf Graphic file (typ
e pdf)
<use ../results/KF/ex1/KF_Vel_Trace_Init_exact_noise_0.0.pdf>
Package pdftex.def Info: ../results/KF/ex1/KF_Vel_Trace_Init_exact_noise_0.0.pd
f  used on input line 531.
(pdftex.def)             Requested size: 216.81pt x 117.42487pt.
<../results/KF/ex1/KF_Vel_Errors_Init_exact_noise_0.0.pdf, id=441, 723.50685pt 
x 391.31226pt>
File: ../results/KF/ex1/KF_Vel_Errors_Init_exact_noise_0.0.pdf Graphic file (ty
pe pdf)
<use ../results/KF/ex1/KF_Vel_Errors_Init_exact_noise_0.0.pdf>
Package pdftex.def Info: ../results/KF/ex1/KF_Vel_Errors_Init_exact_noise_0.0.p
df  used on input line 532.
(pdftex.def)             Requested size: 216.81pt x 117.26321pt.
<../results/KF/ex1/KF_Vel_Trace_Init_bias_noise_0.0.pdf, id=442, 737.87456pt x 
399.6456pt>
File: ../results/KF/ex1/KF_Vel_Trace_Init_bias_noise_0.0.pdf Graphic file (type
 pdf)
<use ../results/KF/ex1/KF_Vel_Trace_Init_bias_noise_0.0.pdf>
Package pdftex.def Info: ../results/KF/ex1/KF_Vel_Trace_Init_bias_noise_0.0.pdf
  used on input line 534.
(pdftex.def)             Requested size: 216.81pt x 117.42487pt.
<../results/KF/ex1/KF_Vel_Errors_Init_bias_noise_0.0.pdf, id=443, 723.50685pt x
 391.31226pt>
File: ../results/KF/ex1/KF_Vel_Errors_Init_bias_noise_0.0.pdf Graphic file (typ
e pdf)
<use ../results/KF/ex1/KF_Vel_Errors_Init_bias_noise_0.0.pdf>
Package pdftex.def Info: ../results/KF/ex1/KF_Vel_Errors_Init_bias_noise_0.0.pd
f  used on input line 535.
(pdftex.def)             Requested size: 216.81pt x 117.26321pt.
<../results/KF/ex1/KF_Vel_Trace_Init_exact_noise_0.1.pdf, id=444, 737.87456pt x
 399.6456pt>
File: ../results/KF/ex1/KF_Vel_Trace_Init_exact_noise_0.1.pdf Graphic file (typ
e pdf)
<use ../results/KF/ex1/KF_Vel_Trace_Init_exact_noise_0.1.pdf>
Package pdftex.def Info: ../results/KF/ex1/KF_Vel_Trace_Init_exact_noise_0.1.pd
f  used on input line 537.
(pdftex.def)             Requested size: 216.81pt x 117.42487pt.
<../results/KF/ex1/KF_Vel_Errors_Init_exact_noise_0.1.pdf, id=445, 723.50685pt 
x 391.31226pt>
File: ../results/KF/ex1/KF_Vel_Errors_Init_exact_noise_0.1.pdf Graphic file (ty
pe pdf)
<use ../results/KF/ex1/KF_Vel_Errors_Init_exact_noise_0.1.pdf>
Package pdftex.def Info: ../results/KF/ex1/KF_Vel_Errors_Init_exact_noise_0.1.p
df  used on input line 538.
(pdftex.def)             Requested size: 216.81pt x 117.26321pt.
<../results/KF/ex1/KF_Vel_Trace_Init_bias_noise_0.1.pdf, id=446, 737.87456pt x 
399.6456pt>
File: ../results/KF/ex1/KF_Vel_Trace_Init_bias_noise_0.1.pdf Graphic file (type
 pdf)
<use ../results/KF/ex1/KF_Vel_Trace_Init_bias_noise_0.1.pdf>
Package pdftex.def Info: ../results/KF/ex1/KF_Vel_Trace_Init_bias_noise_0.1.pdf
  used on input line 540.
(pdftex.def)             Requested size: 216.81pt x 117.42487pt.
<../results/KF/ex1/KF_Vel_Errors_Init_bias_noise_0.1.pdf, id=447, 723.50685pt x
 391.31226pt>
File: ../results/KF/ex1/KF_Vel_Errors_Init_bias_noise_0.1.pdf Graphic file (typ
e pdf)
<use ../results/KF/ex1/KF_Vel_Errors_Init_bias_noise_0.1.pdf>
Package pdftex.def Info: ../results/KF/ex1/KF_Vel_Errors_Init_bias_noise_0.1.pd
f  used on input line 541.
(pdftex.def)             Requested size: 216.81pt x 117.26321pt.


LaTeX Warning: `h' float specifier changed to `ht'.

<../results/KF/ex2/KF_Pos_Trace_Data_med_noise_0.01.pdf, id=448, 737.87456pt x 
399.6456pt>
File: ../results/KF/ex2/KF_Pos_Trace_Data_med_noise_0.01.pdf Graphic file (type
 pdf)
<use ../results/KF/ex2/KF_Pos_Trace_Data_med_noise_0.01.pdf>
Package pdftex.def Info: ../results/KF/ex2/KF_Pos_Trace_Data_med_noise_0.01.pdf
  used on input line 553.
(pdftex.def)             Requested size: 216.81pt x 117.42487pt.
<../results/KF/ex2/KF_Pos_Errors_Data_med_noise_0.01.pdf, id=449, 723.50685pt x
 391.31226pt>
File: ../results/KF/ex2/KF_Pos_Errors_Data_med_noise_0.01.pdf Graphic file (typ
e pdf)
<use ../results/KF/ex2/KF_Pos_Errors_Data_med_noise_0.01.pdf>
Package pdftex.def Info: ../results/KF/ex2/KF_Pos_Errors_Data_med_noise_0.01.pd
f  used on input line 554.
(pdftex.def)             Requested size: 216.81pt x 117.26321pt.
<../results/KF/ex2/KF_Pos_Trace_Data_med_noise_0.1.pdf, id=450, 737.87456pt x 3
99.6456pt>
File: ../results/KF/ex2/KF_Pos_Trace_Data_med_noise_0.1.pdf Graphic file (type 
pdf)
<use ../results/KF/ex2/KF_Pos_Trace_Data_med_noise_0.1.pdf>
Package pdftex.def Info: ../results/KF/ex2/KF_Pos_Trace_Data_med_noise_0.1.pdf 
 used on input line 556.
(pdftex.def)             Requested size: 216.81pt x 117.42487pt.
<../results/KF/ex2/KF_Pos_Errors_Data_med_noise_0.1.pdf, id=451, 723.50685pt x 
391.31226pt>
File: ../results/KF/ex2/KF_Pos_Errors_Data_med_noise_0.1.pdf Graphic file (type
 pdf)
<use ../results/KF/ex2/KF_Pos_Errors_Data_med_noise_0.1.pdf>
Package pdftex.def Info: ../results/KF/ex2/KF_Pos_Errors_Data_med_noise_0.1.pdf
  used on input line 557.
(pdftex.def)             Requested size: 216.81pt x 117.26321pt.
<../results/KF/ex2/KF_Pos_Trace_Data_med_noise_1.0.pdf, id=452, 737.87456pt x 3
99.6456pt>
File: ../results/KF/ex2/KF_Pos_Trace_Data_med_noise_1.0.pdf Graphic file (type 
pdf)
<use ../results/KF/ex2/KF_Pos_Trace_Data_med_noise_1.0.pdf>
Package pdftex.def Info: ../results/KF/ex2/KF_Pos_Trace_Data_med_noise_1.0.pdf 
 used on input line 559.
(pdftex.def)             Requested size: 216.81pt x 117.42487pt.
<../results/KF/ex2/KF_Pos_Errors_Data_med_noise_1.0.pdf, id=453, 723.50685pt x 
391.31226pt>
File: ../results/KF/ex2/KF_Pos_Errors_Data_med_noise_1.0.pdf Graphic file (type
 pdf)
<use ../results/KF/ex2/KF_Pos_Errors_Data_med_noise_1.0.pdf>
Package pdftex.def Info: ../results/KF/ex2/KF_Pos_Errors_Data_med_noise_1.0.pdf
  used on input line 560.
(pdftex.def)             Requested size: 216.81pt x 117.26321pt.

LaTeX Warning: `h' float specifier changed to `ht'.

<../results/KF/ex3/KF_Pos_Trace_Data_high_noise_0.0001.pdf, id=454, 737.87456pt
 x 399.6456pt>
File: ../results/KF/ex3/KF_Pos_Trace_Data_high_noise_0.0001.pdf Graphic file (t
ype pdf)
<use ../results/KF/ex3/KF_Pos_Trace_Data_high_noise_0.0001.pdf>
Package pdftex.def Info: ../results/KF/ex3/KF_Pos_Trace_Data_high_noise_0.0001.
pdf  used on input line 572.
(pdftex.def)             Requested size: 216.81pt x 117.42487pt.
<../results/KF/ex3/KF_Pos_Errors_Data_high_noise_0.0001.pdf, id=455, 723.50685p
t x 391.31226pt>
File: ../results/KF/ex3/KF_Pos_Errors_Data_high_noise_0.0001.pdf Graphic file (
type pdf)
<use ../results/KF/ex3/KF_Pos_Errors_Data_high_noise_0.0001.pdf>
Package pdftex.def Info: ../results/KF/ex3/KF_Pos_Errors_Data_high_noise_0.0001
.pdf  used on input line 573.
(pdftex.def)             Requested size: 216.81pt x 117.26321pt.
<../results/KF/ex3/KF_Pos_Trace_Data_high_noise_0.01.pdf, id=456, 737.87456pt x
 399.6456pt>
File: ../results/KF/ex3/KF_Pos_Trace_Data_high_noise_0.01.pdf Graphic file (typ
e pdf)
<use ../results/KF/ex3/KF_Pos_Trace_Data_high_noise_0.01.pdf>
Package pdftex.def Info: ../results/KF/ex3/KF_Pos_Trace_Data_high_noise_0.01.pd
f  used on input line 575.
(pdftex.def)             Requested size: 216.81pt x 117.42487pt.
<../results/KF/ex3/KF_Pos_Errors_Data_high_noise_0.01.pdf, id=457, 723.50685pt 
x 391.31226pt>
File: ../results/KF/ex3/KF_Pos_Errors_Data_high_noise_0.01.pdf Graphic file (ty
pe pdf)
<use ../results/KF/ex3/KF_Pos_Errors_Data_high_noise_0.01.pdf>
Package pdftex.def Info: ../results/KF/ex3/KF_Pos_Errors_Data_high_noise_0.01.p
df  used on input line 576.
(pdftex.def)             Requested size: 216.81pt x 117.26321pt.
<../results/KF/ex3/KF_Pos_Trace_Data_high_noise_0.1.pdf, id=458, 737.87456pt x 
399.6456pt>
File: ../results/KF/ex3/KF_Pos_Trace_Data_high_noise_0.1.pdf Graphic file (type
 pdf)
<use ../results/KF/ex3/KF_Pos_Trace_Data_high_noise_0.1.pdf>
Package pdftex.def Info: ../results/KF/ex3/KF_Pos_Trace_Data_high_noise_0.1.pdf
  used on input line 578.
(pdftex.def)             Requested size: 216.81pt x 117.42487pt.
<../results/KF/ex3/KF_Pos_Errors_Data_high_noise_0.1.pdf, id=459, 723.50685pt x
 391.31226pt>
File: ../results/KF/ex3/KF_Pos_Errors_Data_high_noise_0.1.pdf Graphic file (typ
e pdf)
<use ../results/KF/ex3/KF_Pos_Errors_Data_high_noise_0.1.pdf>
Package pdftex.def Info: ../results/KF/ex3/KF_Pos_Errors_Data_high_noise_0.1.pd
f  used on input line 579.
(pdftex.def)             Requested size: 216.81pt x 117.26321pt.
<../results/KF/ex3/KF_Pos_Trace_Data_high_noise_1.0.pdf, id=460, 737.87456pt x 
399.6456pt>
File: ../results/KF/ex3/KF_Pos_Trace_Data_high_noise_1.0.pdf Graphic file (type
 pdf)
<use ../results/KF/ex3/KF_Pos_Trace_Data_high_noise_1.0.pdf>
Package pdftex.def Info: ../results/KF/ex3/KF_Pos_Trace_Data_high_noise_1.0.pdf
  used on input line 581.
(pdftex.def)             Requested size: 216.81pt x 117.42487pt.
<../results/KF/ex3/KF_Pos_Errors_Data_high_noise_1.0.pdf, id=461, 723.50685pt x
 391.31226pt>
File: ../results/KF/ex3/KF_Pos_Errors_Data_high_noise_1.0.pdf Graphic file (typ
e pdf)
<use ../results/KF/ex3/KF_Pos_Errors_Data_high_noise_1.0.pdf>
Package pdftex.def Info: ../results/KF/ex3/KF_Pos_Errors_Data_high_noise_1.0.pd
f  used on input line 582.
(pdftex.def)             Requested size: 216.81pt x 117.26321pt.

LaTeX Warning: `h' float specifier changed to `ht'.

<../results/KF/ex4/KF_Pos_Trace_noise_0.01.pdf, id=462, 737.87456pt x 399.6456p
t>
File: ../results/KF/ex4/KF_Pos_Trace_noise_0.01.pdf Graphic file (type pdf)
<use ../results/KF/ex4/KF_Pos_Trace_noise_0.01.pdf>
Package pdftex.def Info: ../results/KF/ex4/KF_Pos_Trace_noise_0.01.pdf  used on
 input line 594.
(pdftex.def)             Requested size: 216.81pt x 117.42487pt.
<../results/KF/ex4/KF_Pos_Errors_noise_0.01.pdf, id=463, 723.50685pt x 391.3122
6pt>
File: ../results/KF/ex4/KF_Pos_Errors_noise_0.01.pdf Graphic file (type pdf)
<use ../results/KF/ex4/KF_Pos_Errors_noise_0.01.pdf>
Package pdftex.def Info: ../results/KF/ex4/KF_Pos_Errors_noise_0.01.pdf  used o
n input line 595.
(pdftex.def)             Requested size: 216.81pt x 117.26321pt.
<../results/KF/ex4/KF_Pos_Trace_noise_0.1.pdf, id=464, 737.87456pt x 399.6456pt
>
File: ../results/KF/ex4/KF_Pos_Trace_noise_0.1.pdf Graphic file (type pdf)
<use ../results/KF/ex4/KF_Pos_Trace_noise_0.1.pdf>
Package pdftex.def Info: ../results/KF/ex4/KF_Pos_Trace_noise_0.1.pdf  used on 
input line 597.
(pdftex.def)             Requested size: 216.81pt x 117.42487pt.
<../results/KF/ex4/KF_Pos_Errors_noise_0.1.pdf, id=465, 723.50685pt x 391.31226
pt>
File: ../results/KF/ex4/KF_Pos_Errors_noise_0.1.pdf Graphic file (type pdf)
<use ../results/KF/ex4/KF_Pos_Errors_noise_0.1.pdf>
Package pdftex.def Info: ../results/KF/ex4/KF_Pos_Errors_noise_0.1.pdf  used on
 input line 598.
(pdftex.def)             Requested size: 216.81pt x 117.26321pt.

LaTeX Warning: `h' float specifier changed to `ht'.

<../results/KF/ex5/KF_Pos_Trace_Data_1.pdf, id=466, 737.87456pt x 417.33476pt>
File: ../results/KF/ex5/KF_Pos_Trace_Data_1.pdf Graphic file (type pdf)
<use ../results/KF/ex5/KF_Pos_Trace_Data_1.pdf>
Package pdftex.def Info: ../results/KF/ex5/KF_Pos_Trace_Data_1.pdf  used on inp
ut line 611.
(pdftex.def)             Requested size: 216.81pt x 122.62234pt.
<../results/KF/ex5/KF_Pos_Errors_Data_1.pdf, id=467, 723.50685pt x 417.33476pt>

File: ../results/KF/ex5/KF_Pos_Errors_Data_1.pdf Graphic file (type pdf)
<use ../results/KF/ex5/KF_Pos_Errors_Data_1.pdf>
Package pdftex.def Info: ../results/KF/ex5/KF_Pos_Errors_Data_1.pdf  used on in
put line 612.
(pdftex.def)             Requested size: 216.81pt x 125.0613pt.
<../results/KF/ex5/KF_Pos_Trace_Data_2.pdf, id=468, 737.87456pt x 417.33476pt>
File: ../results/KF/ex5/KF_Pos_Trace_Data_2.pdf Graphic file (type pdf)
<use ../results/KF/ex5/KF_Pos_Trace_Data_2.pdf>
Package pdftex.def Info: ../results/KF/ex5/KF_Pos_Trace_Data_2.pdf  used on inp
ut line 614.
(pdftex.def)             Requested size: 216.81pt x 122.62234pt.
<../results/KF/ex5/KF_Pos_Errors_Data_2.pdf, id=469, 723.50685pt x 417.33476pt>

File: ../results/KF/ex5/KF_Pos_Errors_Data_2.pdf Graphic file (type pdf)
<use ../results/KF/ex5/KF_Pos_Errors_Data_2.pdf>
Package pdftex.def Info: ../results/KF/ex5/KF_Pos_Errors_Data_2.pdf  used on in
put line 615.
(pdftex.def)             Requested size: 216.81pt x 125.0613pt.
<../results/KF/ex5/KF_Pos_Trace_Data_3.pdf, id=470, 737.87456pt x 417.33476pt>
File: ../results/KF/ex5/KF_Pos_Trace_Data_3.pdf Graphic file (type pdf)
<use ../results/KF/ex5/KF_Pos_Trace_Data_3.pdf>
Package pdftex.def Info: ../results/KF/ex5/KF_Pos_Trace_Data_3.pdf  used on inp
ut line 617.
(pdftex.def)             Requested size: 216.81pt x 122.62234pt.
<../results/KF/ex5/KF_Pos_Errors_Data_3.pdf, id=471, 723.50685pt x 417.33476pt>

File: ../results/KF/ex5/KF_Pos_Errors_Data_3.pdf Graphic file (type pdf)
<use ../results/KF/ex5/KF_Pos_Errors_Data_3.pdf>
Package pdftex.def Info: ../results/KF/ex5/KF_Pos_Errors_Data_3.pdf  used on in
put line 618.
(pdftex.def)             Requested size: 216.81pt x 125.0613pt.
<../results/KF/ex5/KF_Pos_Trace_Data_4.pdf, id=472, 737.87456pt x 417.33476pt>
File: ../results/KF/ex5/KF_Pos_Trace_Data_4.pdf Graphic file (type pdf)
<use ../results/KF/ex5/KF_Pos_Trace_Data_4.pdf>
Package pdftex.def Info: ../results/KF/ex5/KF_Pos_Trace_Data_4.pdf  used on inp
ut line 620.
(pdftex.def)             Requested size: 216.81pt x 122.62234pt.
<../results/KF/ex5/KF_Pos_Errors_Data_4.pdf, id=473, 723.50685pt x 417.33476pt>

File: ../results/KF/ex5/KF_Pos_Errors_Data_4.pdf Graphic file (type pdf)
<use ../results/KF/ex5/KF_Pos_Errors_Data_4.pdf>
Package pdftex.def Info: ../results/KF/ex5/KF_Pos_Errors_Data_4.pdf  used on in
put line 621.
(pdftex.def)             Requested size: 216.81pt x 125.0613pt.

LaTeX Warning: `h' float specifier changed to `ht'.

Package atveryend Info: Empty hook `BeforeClearDocument' on input line 638.
[11] [12 <../results/KF/ex1/KF_Vel_Trace_Init_exact_noise_0.0.pdf> <../results/
KF/ex1/KF_Vel_Errors_Init_exact_noise_0.0.pdf

pdfTeX warning: /Library/TeX/texbin/pdflatex (file ../results/KF/ex1/KF_Vel_Err
ors_Init_exact_noise_0.0.pdf): PDF inclusion: multiple pdfs with page group inc
luded in a single page
> <../results/KF/ex1/KF_Vel_Trace_Init_bias_noise_0.0.pdf

pdfTeX warning: /Library/TeX/texbin/pdflatex (file ../results/KF/ex1/KF_Vel_Tra
ce_Init_bias_noise_0.0.pdf): PDF inclusion: multiple pdfs with page group inclu
ded in a single page
> <../results/KF/ex1/KF_Vel_Errors_Init_bias_noise_0.0.pdf

pdfTeX warning: /Library/TeX/texbin/pdflatex (file ../results/KF/ex1/KF_Vel_Err
ors_Init_bias_noise_0.0.pdf): PDF inclusion: multiple pdfs with page group incl
uded in a single page
> <../results/KF/ex1/KF_Vel_Trace_Init_exact_noise_0.1.pdf

pdfTeX warning: /Library/TeX/texbin/pdflatex (file ../results/KF/ex1/KF_Vel_Tra
ce_Init_exact_noise_0.1.pdf): PDF inclusion: multiple pdfs with page group incl
uded in a single page
> <../results/KF/ex1/KF_Vel_Errors_Init_exact_noise_0.1.pdf

pdfTeX warning: /Library/TeX/texbin/pdflatex (file ../results/KF/ex1/KF_Vel_Err
ors_Init_exact_noise_0.1.pdf): PDF inclusion: multiple pdfs with page group inc
luded in a single page
> <../results/KF/ex1/KF_Vel_Trace_Init_bias_noise_0.1.pdf

pdfTeX warning: /Library/TeX/texbin/pdflatex (file ../results/KF/ex1/KF_Vel_Tra
ce_Init_bias_noise_0.1.pdf): PDF inclusion: multiple pdfs with page group inclu
ded in a single page
> <../results/KF/ex1/KF_Vel_Errors_Init_bias_noise_0.1.pdf

pdfTeX warning: /Library/TeX/texbin/pdflatex (file ../results/KF/ex1/KF_Vel_Err
ors_Init_bias_noise_0.1.pdf): PDF inclusion: multiple pdfs with page group incl
uded in a single page
>] [13 <../results/KF/ex2/KF_Pos_Trace_Data_med_noise_0.01.pdf> <../results/KF/
ex2/KF_Pos_Errors_Data_med_noise_0.01.pdf

pdfTeX warning: /Library/TeX/texbin/pdflatex (file ../results/KF/ex2/KF_Pos_Err
ors_Data_med_noise_0.01.pdf): PDF inclusion: multiple pdfs with page group incl
uded in a single page
> <../results/KF/ex2/KF_Pos_Trace_Data_med_noise_0.1.pdf

pdfTeX warning: /Library/TeX/texbin/pdflatex (file ../results/KF/ex2/KF_Pos_Tra
ce_Data_med_noise_0.1.pdf): PDF inclusion: multiple pdfs with page group includ
ed in a single page
> <../results/KF/ex2/KF_Pos_Errors_Data_med_noise_0.1.pdf

pdfTeX warning: /Library/TeX/texbin/pdflatex (file ../results/KF/ex2/KF_Pos_Err
ors_Data_med_noise_0.1.pdf): PDF inclusion: multiple pdfs with page group inclu
ded in a single page
> <../results/KF/ex2/KF_Pos_Trace_Data_med_noise_1.0.pdf

pdfTeX warning: /Library/TeX/texbin/pdflatex (file ../results/KF/ex2/KF_Pos_Tra
ce_Data_med_noise_1.0.pdf): PDF inclusion: multiple pdfs with page group includ
ed in a single page
> <../results/KF/ex2/KF_Pos_Errors_Data_med_noise_1.0.pdf

pdfTeX warning: /Library/TeX/texbin/pdflatex (file ../results/KF/ex2/KF_Pos_Err
ors_Data_med_noise_1.0.pdf): PDF inclusion: multiple pdfs with page group inclu
ded in a single page
>] [14 <../results/KF/ex3/KF_Pos_Trace_Data_high_noise_0.0001.pdf> <../results/
KF/ex3/KF_Pos_Errors_Data_high_noise_0.0001.pdf

pdfTeX warning: /Library/TeX/texbin/pdflatex (file ../results/KF/ex3/KF_Pos_Err
ors_Data_high_noise_0.0001.pdf): PDF inclusion: multiple pdfs with page group i
ncluded in a single page
> <../results/KF/ex3/KF_Pos_Trace_Data_high_noise_0.01.pdf

pdfTeX warning: /Library/TeX/texbin/pdflatex (file ../results/KF/ex3/KF_Pos_Tra
ce_Data_high_noise_0.01.pdf): PDF inclusion: multiple pdfs with page group incl
uded in a single page
> <../results/KF/ex3/KF_Pos_Errors_Data_high_noise_0.01.pdf

pdfTeX warning: /Library/TeX/texbin/pdflatex (file ../results/KF/ex3/KF_Pos_Err
ors_Data_high_noise_0.01.pdf): PDF inclusion: multiple pdfs with page group inc
luded in a single page
> <../results/KF/ex3/KF_Pos_Trace_Data_high_noise_0.1.pdf

pdfTeX warning: /Library/TeX/texbin/pdflatex (file ../results/KF/ex3/KF_Pos_Tra
ce_Data_high_noise_0.1.pdf): PDF inclusion: multiple pdfs with page group inclu
ded in a single page
> <../results/KF/ex3/KF_Pos_Errors_Data_high_noise_0.1.pdf

pdfTeX warning: /Library/TeX/texbin/pdflatex (file ../results/KF/ex3/KF_Pos_Err
ors_Data_high_noise_0.1.pdf): PDF inclusion: multiple pdfs with page group incl
uded in a single page
> <../results/KF/ex3/KF_Pos_Trace_Data_high_noise_1.0.pdf

pdfTeX warning: /Library/TeX/texbin/pdflatex (file ../results/KF/ex3/KF_Pos_Tra
ce_Data_high_noise_1.0.pdf): PDF inclusion: multiple pdfs with page group inclu
ded in a single page
> <../results/KF/ex3/KF_Pos_Errors_Data_high_noise_1.0.pdf

pdfTeX warning: /Library/TeX/texbin/pdflatex (file ../results/KF/ex3/KF_Pos_Err
ors_Data_high_noise_1.0.pdf): PDF inclusion: multiple pdfs with page group incl
uded in a single page
>] [15 <../results/KF/ex4/KF_Pos_Trace_noise_0.01.pdf> <../results/KF/ex4/KF_Po
s_Errors_noise_0.01.pdf

pdfTeX warning: /Library/TeX/texbin/pdflatex (file ../results/KF/ex4/KF_Pos_Err
ors_noise_0.01.pdf): PDF inclusion: multiple pdfs with page group included in a
 single page
> <../results/KF/ex4/KF_Pos_Trace_noise_0.1.pdf

pdfTeX warning: /Library/TeX/texbin/pdflatex (file ../results/KF/ex4/KF_Pos_Tra
ce_noise_0.1.pdf): PDF inclusion: multiple pdfs with page group included in a s
ingle page
> <../results/KF/ex4/KF_Pos_Errors_noise_0.1.pdf

pdfTeX warning: /Library/TeX/texbin/pdflatex (file ../results/KF/ex4/KF_Pos_Err
ors_noise_0.1.pdf): PDF inclusion: multiple pdfs with page group included in a 
single page
>] [16 <../results/KF/ex5/KF_Pos_Trace_Data_1.pdf> <../results/KF/ex5/KF_Pos_Er
rors_Data_1.pdf

pdfTeX warning: /Library/TeX/texbin/pdflatex (file ../results/KF/ex5/KF_Pos_Err
ors_Data_1.pdf): PDF inclusion: multiple pdfs with page group included in a sin
gle page
> <../results/KF/ex5/KF_Pos_Trace_Data_2.pdf

pdfTeX warning: /Library/TeX/texbin/pdflatex (file ../results/KF/ex5/KF_Pos_Tra
ce_Data_2.pdf): PDF inclusion: multiple pdfs with page group included in a sing
le page
> <../results/KF/ex5/KF_Pos_Errors_Data_2.pdf

pdfTeX warning: /Library/TeX/texbin/pdflatex (file ../results/KF/ex5/KF_Pos_Err
ors_Data_2.pdf): PDF inclusion: multiple pdfs with page group included in a sin
gle page
> <../results/KF/ex5/KF_Pos_Trace_Data_3.pdf

pdfTeX warning: /Library/TeX/texbin/pdflatex (file ../results/KF/ex5/KF_Pos_Tra
ce_Data_3.pdf): PDF inclusion: multiple pdfs with page group included in a sing
le page
> <../results/KF/ex5/KF_Pos_Errors_Data_3.pdf

pdfTeX warning: /Library/TeX/texbin/pdflatex (file ../results/KF/ex5/KF_Pos_Err
ors_Data_3.pdf): PDF inclusion: multiple pdfs with page group included in a sin
gle page
> <../results/KF/ex5/KF_Pos_Trace_Data_4.pdf

pdfTeX warning: /Library/TeX/texbin/pdflatex (file ../results/KF/ex5/KF_Pos_Tra
ce_Data_4.pdf): PDF inclusion: multiple pdfs with page group included in a sing
le page
> <../results/KF/ex5/KF_Pos_Errors_Data_4.pdf

pdfTeX warning: /Library/TeX/texbin/pdflatex (file ../results/KF/ex5/KF_Pos_Err
ors_Data_4.pdf): PDF inclusion: multiple pdfs with page group included in a sin
gle page
>]
Package atveryend Info: Empty hook `AfterLastShipout' on input line 638.
 (./main.aux)
Package atveryend Info: Executing hook `AtVeryEndDocument' on input line 638.
Package atveryend Info: Executing hook `AtEndAfterFileList' on input line 638.
Package rerunfilecheck Info: File `main.out' has not changed.
(rerunfilecheck)             Checksum: 5547A648FF5E42F6B2B2A41B82EB16BD;1994.


LaTeX Warning: There were multiply-defined labels.

Package atveryend Info: Empty hook `AtVeryVeryEnd' on input line 638.
 ) 
Here is how much of TeX's memory you used:
 12979 strings out of 480608
 203373 string characters out of 5903629
 496338 words of memory out of 5000000
 28334 multiletter control sequences out of 15000+600000
 563752 words of font info for 112 fonts, out of 8000000 for 9000
 1141 hyphenation exceptions out of 8191
 34i,27n,37p,1213b,387s stack positions out of 5000i,500n,10000p,200000b,80000s
{/usr/local/texlive/2020/texmf-dist/fonts/enc/dvips/base/8r.enc}</usr/local/t
exlive/2020/texmf-dist/fonts/type1/public/amsfonts/cm/cmbx10.pfb></usr/local/te
xlive/2020/texmf-dist/fonts/type1/public/amsfonts/cm/cmbx12.pfb></usr/local/tex
live/2020/texmf-dist/fonts/type1/public/amsfonts/cm/cmbx8.pfb></usr/local/texli
ve/2020/texmf-dist/fonts/type1/public/amsfonts/cm/cmbx9.pfb></usr/local/texlive
/2020/texmf-dist/fonts/type1/public/amsfonts/cm/cmex10.pfb></usr/local/texlive/
2020/texmf-dist/fonts/type1/public/amsfonts/cm/cmmi10.pfb></usr/local/texlive/2
020/texmf-dist/fonts/type1/public/amsfonts/cm/cmmi12.pfb></usr/local/texlive/20
20/texmf-dist/fonts/type1/public/amsfonts/cm/cmmi6.pfb></usr/local/texlive/2020
/texmf-dist/fonts/type1/public/amsfonts/cm/cmmi8.pfb></usr/local/texlive/2020/t
exmf-dist/fonts/type1/public/amsfonts/cm/cmmi9.pfb></usr/local/texlive/2020/tex
mf-dist/fonts/type1/public/amsfonts/cm/cmr10.pfb></usr/local/texlive/2020/texmf
-dist/fonts/type1/public/amsfonts/cm/cmr12.pfb></usr/local/texlive/2020/texmf-d
ist/fonts/type1/public/amsfonts/cm/cmr17.pfb></usr/local/texlive/2020/texmf-dis
t/fonts/type1/public/amsfonts/cm/cmr6.pfb></usr/local/texlive/2020/texmf-dist/f
onts/type1/public/amsfonts/cm/cmr8.pfb></usr/local/texlive/2020/texmf-dist/font
s/type1/public/amsfonts/cm/cmr9.pfb></usr/local/texlive/2020/texmf-dist/fonts/t
ype1/public/amsfonts/cm/cmss8.pfb></usr/local/texlive/2020/texmf-dist/fonts/typ
e1/public/amsfonts/cm/cmsy10.pfb></usr/local/texlive/2020/texmf-dist/fonts/type
1/public/amsfonts/cm/cmsy8.pfb></usr/local/texlive/2020/texmf-dist/fonts/type1/
public/amsfonts/cm/cmsy9.pfb></usr/local/texlive/2020/texmf-dist/fonts/type1/pu
blic/amsfonts/symbols/msbm10.pfb></usr/local/texlive/2020/texmf-dist/fonts/type
1/urw/times/utmb8a.pfb></usr/local/texlive/2020/texmf-dist/fonts/type1/urw/time
s/utmr8a.pfb>
Output written on main.pdf (16 pages, 1174151 bytes).
PDF statistics:
 1148 PDF objects out of 1200 (max. 8388607)
 986 compressed objects within 10 object streams
 137 named destinations out of 1000 (max. 500000)
 480 words of extra memory for PDF output out of 10000 (max. 10000000)

